0 info it worked if it ends with ok
1 verbose cli [ 'node', '/usr/local/bin/npm', 'update', '-g', 'bower' ]
2 info using npm@1.4.14
3 info using node@v0.10.29
4 verbose url raw bower
5 verbose url resolving [ 'https://registry.npmjs.org/', './bower' ]
6 verbose url resolved https://registry.npmjs.org/bower
7 info trying registry request attempt 1 at 10:34:49
8 verbose etag "9TRN9C51C2GRVQLWJPEMU8N5A"
9 http GET https://registry.npmjs.org/bower
10 http 200 https://registry.npmjs.org/bower
11 silly registry.get cb [ 200,
11 silly registry.get   { date: 'Wed, 27 Aug 2014 09:34:48 GMT',
11 silly registry.get     server: 'CouchDB/1.5.0 (Erlang OTP/R16B03)',
11 silly registry.get     etag: '"2ILWKZJEF08R66IADYO57MH42"',
11 silly registry.get     'content-type': 'application/json',
11 silly registry.get     'cache-control': 'max-age=60',
11 silly registry.get     'content-length': '98666',
11 silly registry.get     'accept-ranges': 'bytes',
11 silly registry.get     via: '1.1 varnish',
11 silly registry.get     age: '441',
11 silly registry.get     'x-served-by': 'cache-lcy1121-LCY',
11 silly registry.get     'x-cache': 'HIT',
11 silly registry.get     'x-cache-hits': '1',
11 silly registry.get     'x-timer': 'S1409132088.473913,VS0,VE91',
11 silly registry.get     vary: 'Accept',
11 silly registry.get     'keep-alive': 'timeout=10, max=50',
11 silly registry.get     connection: 'Keep-Alive' } ]
12 info outdated updating [ [ '/usr/local/lib', 'bower', '1.3.8', '1.3.9', '1.3.9', '*' ] ]
13 verbose install where,what [ '/usr/local/lib', [ 'bower@1.3.9' ] ]
14 verbose cache add [ 'bower@1.3.9', null ]
15 verbose cache add name=undefined spec="bower@1.3.9" args=["bower@1.3.9",null]
16 verbose parsed url { protocol: null,
16 verbose parsed url   slashes: null,
16 verbose parsed url   auth: null,
16 verbose parsed url   host: null,
16 verbose parsed url   port: null,
16 verbose parsed url   hostname: null,
16 verbose parsed url   hash: null,
16 verbose parsed url   search: null,
16 verbose parsed url   query: null,
16 verbose parsed url   pathname: 'bower@1.3.9',
16 verbose parsed url   path: 'bower@1.3.9',
16 verbose parsed url   href: 'bower@1.3.9' }
17 verbose cache add name="bower" spec="1.3.9" args=["bower","1.3.9"]
18 verbose parsed url { protocol: null,
18 verbose parsed url   slashes: null,
18 verbose parsed url   auth: null,
18 verbose parsed url   host: null,
18 verbose parsed url   port: null,
18 verbose parsed url   hostname: null,
18 verbose parsed url   hash: null,
18 verbose parsed url   search: null,
18 verbose parsed url   query: null,
18 verbose parsed url   pathname: '1.3.9',
18 verbose parsed url   path: '1.3.9',
18 verbose parsed url   href: '1.3.9' }
19 verbose addNamed [ 'bower', '1.3.9' ]
20 verbose addNamed [ '1.3.9', '1.3.9' ]
21 silly lockFile 4c0b32f5-bower-1-3-9 bower@1.3.9
22 verbose lock bower@1.3.9 /Users/Raahil/.npm/4c0b32f5-bower-1-3-9.lock
23 verbose registry.get bower not expired, no request
24 silly lockFile e985d5e5--npmjs-org-bower-bower-1-3-9-tgz https://registry.npmjs.org/bower/-/bower-1.3.9.tgz
25 verbose lock https://registry.npmjs.org/bower/-/bower-1.3.9.tgz /Users/Raahil/.npm/e985d5e5--npmjs-org-bower-bower-1-3-9-tgz.lock
26 verbose addRemoteTarball [ 'https://registry.npmjs.org/bower/-/bower-1.3.9.tgz',
26 verbose addRemoteTarball   '786d4addfc523e875089ccc1ef8d5a6d6e91a2c6' ]
27 info retry fetch attempt 1 at 10:34:50
28 verbose fetch to= /var/folders/nf/7x_n54ts6cbcx4_qcr7vv6_40000gn/T/npm-11551-V0rKBTrf/registry.npmjs.org/bower/-/bower-1.3.9.tgz
29 http GET https://registry.npmjs.org/bower/-/bower-1.3.9.tgz
30 http 200 https://registry.npmjs.org/bower/-/bower-1.3.9.tgz
31 silly lockFile e985d5e5--npmjs-org-bower-bower-1-3-9-tgz https://registry.npmjs.org/bower/-/bower-1.3.9.tgz
32 silly lockFile e985d5e5--npmjs-org-bower-bower-1-3-9-tgz https://registry.npmjs.org/bower/-/bower-1.3.9.tgz
33 silly lockFile 4c0b32f5-bower-1-3-9 bower@1.3.9
34 silly lockFile 4c0b32f5-bower-1-3-9 bower@1.3.9
35 silly resolved [ { name: 'bower',
35 silly resolved     version: '1.3.9',
35 silly resolved     description: 'The browser package manager',
35 silly resolved     author: { name: 'Twitter' },
35 silly resolved     licenses: [ [Object] ],
35 silly resolved     repository: { type: 'git', url: 'git://github.com/bower/bower' },
35 silly resolved     main: 'lib',
35 silly resolved     homepage: 'http://bower.io',
35 silly resolved     engines: { node: '>=0.10.0' },
35 silly resolved     dependencies:
35 silly resolved      { abbrev: '~1.0.4',
35 silly resolved        archy: '0.0.2',
35 silly resolved        'bower-config': '~0.5.2',
35 silly resolved        'bower-endpoint-parser': '~0.2.2',
35 silly resolved        'bower-json': '~0.4.0',
35 silly resolved        'bower-logger': '~0.2.2',
35 silly resolved        'bower-registry-client': '~0.2.0',
35 silly resolved        cardinal: '~0.4.0',
35 silly resolved        chalk: '~0.5.0',
35 silly resolved        chmodr: '~0.1.0',
35 silly resolved        'decompress-zip': '0.0.6',
35 silly resolved        fstream: '~0.1.22',
35 silly resolved        'fstream-ignore': '0.0.6',
35 silly resolved        glob: '~4.0.2',
35 silly resolved        'graceful-fs': '~3.0.1',
35 silly resolved        handlebars: '~1.3.0',
35 silly resolved        inquirer: '~0.5.1',
35 silly resolved        insight: '~0.4.1',
35 silly resolved        'is-root': '~0.1.0',
35 silly resolved        junk: '~0.3.0',
35 silly resolved        lockfile: '~0.4.2',
35 silly resolved        'lru-cache': '~2.5.0',
35 silly resolved        mkdirp: '~0.5.0',
35 silly resolved        mout: '~0.9.1',
35 silly resolved        nopt: '~3.0.0',
35 silly resolved        opn: '~0.1.1',
35 silly resolved        osenv: '~0.1.0',
35 silly resolved        'p-throttler': '0.0.1',
35 silly resolved        promptly: '~0.2.0',
35 silly resolved        q: '~1.0.1',
35 silly resolved        request: '~2.36.0',
35 silly resolved        'request-progress': '~0.3.0',
35 silly resolved        retry: '~0.6.0',
35 silly resolved        rimraf: '~2.2.0',
35 silly resolved        semver: '~2.3.0',
35 silly resolved        'shell-quote': '~1.4.1',
35 silly resolved        'stringify-object': '~0.2.0',
35 silly resolved        tar: '~0.1.17',
35 silly resolved        tmp: '0.0.23',
35 silly resolved        'update-notifier': '~0.2.0',
35 silly resolved        which: '~1.0.5' },
35 silly resolved     devDependencies:
35 silly resolved      { coveralls: '~2.11.0',
35 silly resolved        'expect.js': '~0.3.1',
35 silly resolved        grunt: '~0.4.4',
35 silly resolved        'grunt-contrib-jshint': '~0.10.0',
35 silly resolved        'grunt-contrib-watch': '~0.6.1',
35 silly resolved        'grunt-exec': '~0.4.2',
35 silly resolved        'grunt-simple-mocha': '~0.4.0',
35 silly resolved        istanbul: '~0.2.4',
35 silly resolved        'load-grunt-tasks': '~0.6.0',
35 silly resolved        mocha: '~1.20.1',
35 silly resolved        nock: '~0.41.0',
35 silly resolved        'node-uuid': '~1.4.1',
35 silly resolved        proxyquire: '~1.0.1' },
35 silly resolved     scripts: { test: 'grunt test' },
35 silly resolved     bin: { bower: 'bin/bower' },
35 silly resolved     preferGlobal: true,
35 silly resolved     gitHead: 'a069d1e07d46b81c5a69e391506028f9b076b39d',
35 silly resolved     bugs: { url: 'https://github.com/bower/bower/issues' },
35 silly resolved     _id: 'bower@1.3.9',
35 silly resolved     _shasum: '786d4addfc523e875089ccc1ef8d5a6d6e91a2c6',
35 silly resolved     _from: 'bower@1.3.9',
35 silly resolved     _npmVersion: '1.4.14',
35 silly resolved     _npmUser: { name: 'sindresorhus', email: 'sindresorhus@gmail.com' },
35 silly resolved     maintainers: [ [Object], [Object], [Object], [Object], [Object], [Object] ],
35 silly resolved     dist:
35 silly resolved      { shasum: '786d4addfc523e875089ccc1ef8d5a6d6e91a2c6',
35 silly resolved        tarball: 'http://registry.npmjs.org/bower/-/bower-1.3.9.tgz' },
35 silly resolved     directories: {},
35 silly resolved     _resolved: 'https://registry.npmjs.org/bower/-/bower-1.3.9.tgz' } ]
36 info install bower@1.3.9 into /usr/local/lib
37 info installOne bower@1.3.9
38 info /usr/local/lib/node_modules/bower unbuild
39 info preuninstall bower@1.3.8
40 info uninstall bower@1.3.8
41 verbose true,/usr/local/lib/node_modules,/usr/local/lib/node_modules unbuild bower@1.3.8
42 verbose /usr/local/bin,[object Object] binRoot
43 info /usr/local/lib/node_modules/bower unbuild
44 info preuninstall bower@1.3.8
45 info uninstall bower@1.3.8
46 verbose true,/usr/local/lib/node_modules,/usr/local/lib/node_modules unbuild bower@1.3.8
47 verbose /usr/local/bin,[object Object] binRoot
48 error error rolling back Error: EACCES, unlink '/usr/local/bin/bower'
48 error error rolling back  bower@1.3.9 { [Error: EACCES, unlink '/usr/local/bin/bower'] errno: 3, code: 'EACCES', path: '/usr/local/bin/bower' }
49 error Error: EACCES, unlink '/usr/local/bin/bower'
49 error  { [Error: EACCES, unlink '/usr/local/bin/bower'] errno: 3, code: 'EACCES', path: '/usr/local/bin/bower' }
50 error Please try running this command again as root/Administrator.
51 error System Darwin 14.0.0
52 error command "node" "/usr/local/bin/npm" "update" "-g" "bower"
53 error cwd /Users/Raahil/Documents/git/urop-2014-ticking-ui/ETick
54 error node -v v0.10.29
55 error npm -v 1.4.14
56 error path /usr/local/bin/bower
57 error code EACCES
58 error errno 3
59 error stack Error: EACCES, unlink '/usr/local/bin/bower'
60 verbose exit [ 3, true ]
